#! /usr/share/iverilog-0.9.7/bin/vvp
:ivl_version "0.9.7 " "(v0_9_6)";
:vpi_time_precision + 0;
:vpi_module "system";
:vpi_module "v2005_math";
:vpi_module "va_math";
S_0x25092c0 .scope module, "input_4_vote_tb" "input_4_vote_tb" 2 1;
 .timescale 0 0;
v0x251e920_0 .var "I", 3 0;
v0x251e9f0_0 .net "O", 3 1, v0x251e880_0; 1 drivers
S_0x25093b0 .scope module, "input_4_vote_tb" "voter_if" 2 23, 3 1, S_0x25092c0;
 .timescale 0 0;
v0x25094a0_0 .net "I", 3 0, v0x251e920_0; 1 drivers
v0x251e880_0 .var "O", 3 1;
E_0x24e27d0 .event edge, v0x25094a0_0;
    .scope S_0x25093b0;
T_0 ;
    %wait E_0x24e27d0;
    %load/v 8, v0x25094a0_0, 4;
    %cmpi/u 8, 0, 4;
    %jmp/1 T_0.0, 6;
    %cmpi/u 8, 1, 4;
    %jmp/1 T_0.1, 6;
    %cmpi/u 8, 2, 4;
    %jmp/1 T_0.2, 6;
    %cmpi/u 8, 4, 4;
    %jmp/1 T_0.3, 6;
    %cmpi/u 8, 8, 4;
    %jmp/1 T_0.4, 6;
    %ix/load 0, 2, 0;
    %set/x0 v0x251e880_0, 0, 1;
    %jmp T_0.6;
T_0.0 ;
    %ix/load 0, 2, 0;
    %set/x0 v0x251e880_0, 1, 1;
    %jmp T_0.6;
T_0.1 ;
    %ix/load 0, 2, 0;
    %set/x0 v0x251e880_0, 1, 1;
    %jmp T_0.6;
T_0.2 ;
    %ix/load 0, 2, 0;
    %set/x0 v0x251e880_0, 1, 1;
    %jmp T_0.6;
T_0.3 ;
    %ix/load 0, 2, 0;
    %set/x0 v0x251e880_0, 1, 1;
    %jmp T_0.6;
T_0.4 ;
    %ix/load 0, 2, 0;
    %set/x0 v0x251e880_0, 1, 1;
    %jmp T_0.6;
T_0.6 ;
    %jmp T_0;
    .thread T_0, $push;
    .scope S_0x25093b0;
T_1 ;
    %wait E_0x24e27d0;
    %load/v 8, v0x25094a0_0, 4;
    %cmpi/u 8, 3, 4;
    %jmp/1 T_1.0, 6;
    %cmpi/u 8, 5, 4;
    %jmp/1 T_1.1, 6;
    %cmpi/u 8, 6, 4;
    %jmp/1 T_1.2, 6;
    %cmpi/u 8, 9, 4;
    %jmp/1 T_1.3, 6;
    %cmpi/u 8, 10, 4;
    %jmp/1 T_1.4, 6;
    %cmpi/u 8, 12, 4;
    %jmp/1 T_1.5, 6;
    %ix/load 0, 1, 0;
    %set/x0 v0x251e880_0, 0, 1;
    %jmp T_1.7;
T_1.0 ;
    %ix/load 0, 1, 0;
    %set/x0 v0x251e880_0, 1, 1;
    %jmp T_1.7;
T_1.1 ;
    %ix/load 0, 1, 0;
    %set/x0 v0x251e880_0, 1, 1;
    %jmp T_1.7;
T_1.2 ;
    %ix/load 0, 1, 0;
    %set/x0 v0x251e880_0, 1, 1;
    %jmp T_1.7;
T_1.3 ;
    %ix/load 0, 1, 0;
    %set/x0 v0x251e880_0, 1, 1;
    %jmp T_1.7;
T_1.4 ;
    %ix/load 0, 1, 0;
    %set/x0 v0x251e880_0, 1, 1;
    %jmp T_1.7;
T_1.5 ;
    %ix/load 0, 1, 0;
    %set/x0 v0x251e880_0, 1, 1;
    %jmp T_1.7;
T_1.7 ;
    %jmp T_1;
    .thread T_1, $push;
    .scope S_0x25093b0;
T_2 ;
    %wait E_0x24e27d0;
    %load/v 8, v0x25094a0_0, 4;
    %cmpi/u 8, 14, 4;
    %jmp/1 T_2.0, 6;
    %cmpi/u 8, 13, 4;
    %jmp/1 T_2.1, 6;
    %cmpi/u 8, 11, 4;
    %jmp/1 T_2.2, 6;
    %cmpi/u 8, 7, 4;
    %jmp/1 T_2.3, 6;
    %cmpi/u 8, 15, 4;
    %jmp/1 T_2.4, 6;
    %ix/load 0, 0, 0;
    %set/x0 v0x251e880_0, 0, 1;
    %jmp T_2.6;
T_2.0 ;
    %ix/load 0, 0, 0;
    %set/x0 v0x251e880_0, 1, 1;
    %jmp T_2.6;
T_2.1 ;
    %ix/load 0, 0, 0;
    %set/x0 v0x251e880_0, 1, 1;
    %jmp T_2.6;
T_2.2 ;
    %ix/load 0, 0, 0;
    %set/x0 v0x251e880_0, 1, 1;
    %jmp T_2.6;
T_2.3 ;
    %ix/load 0, 0, 0;
    %set/x0 v0x251e880_0, 1, 1;
    %jmp T_2.6;
T_2.4 ;
    %ix/load 0, 0, 0;
    %set/x0 v0x251e880_0, 1, 1;
    %jmp T_2.6;
T_2.6 ;
    %jmp T_2;
    .thread T_2, $push;
    .scope S_0x25092c0;
T_3 ;
    %delay 0, 0;
    %set/v v0x251e920_0, 0, 4;
    %delay 10, 0;
    %movi 8, 1, 4;
    %set/v v0x251e920_0, 8, 4;
    %delay 10, 0;
    %movi 8, 2, 4;
    %set/v v0x251e920_0, 8, 4;
    %delay 10, 0;
    %movi 8, 3, 4;
    %set/v v0x251e920_0, 8, 4;
    %delay 10, 0;
    %movi 8, 4, 4;
    %set/v v0x251e920_0, 8, 4;
    %delay 10, 0;
    %movi 8, 5, 4;
    %set/v v0x251e920_0, 8, 4;
    %delay 10, 0;
    %movi 8, 6, 4;
    %set/v v0x251e920_0, 8, 4;
    %delay 10, 0;
    %movi 8, 7, 4;
    %set/v v0x251e920_0, 8, 4;
    %delay 10, 0;
    %movi 8, 8, 4;
    %set/v v0x251e920_0, 8, 4;
    %delay 10, 0;
    %movi 8, 9, 4;
    %set/v v0x251e920_0, 8, 4;
    %delay 10, 0;
    %movi 8, 10, 4;
    %set/v v0x251e920_0, 8, 4;
    %delay 10, 0;
    %movi 8, 11, 4;
    %set/v v0x251e920_0, 8, 4;
    %delay 10, 0;
    %movi 8, 12, 4;
    %set/v v0x251e920_0, 8, 4;
    %delay 10, 0;
    %movi 8, 13, 4;
    %set/v v0x251e920_0, 8, 4;
    %delay 10, 0;
    %movi 8, 14, 4;
    %set/v v0x251e920_0, 8, 4;
    %delay 10, 0;
    %set/v v0x251e920_0, 1, 4;
    %delay 10, 0;
    %vpi_call 2 21 "$finish";
    %end;
    .thread T_3;
    .scope S_0x25092c0;
T_4 ;
    %vpi_call 2 25 "$dumpfile", "input_4_vote.vcd";
    %vpi_call 2 26 "$dumpvars", 1'sb0, S_0x25093b0;
    %end;
    .thread T_4;
# The file index is used to find the file name in the following table.
:file_names 4;
    "N/A";
    "<interactive>";
    "testbench.sv";
    "design.sv";
